使用來自 E:\ling\EA_Playmate_Group\Properties\launchSettings.json 的啟動設定...
info: Microsoft.EntityFrameworkCore.Database.Command[20101]
      Executed DbCommand (27ms) [Parameters=[], CommandType='Text', CommandTimeout='30']
      IF OBJECT_ID(N'dbo.login_users', N'U') IS NULL
BEGIN
    CREATE TABLE dbo.login_users
    (
        id INT IDENTITY(1,1) NOT NULL CONSTRAINT PK_login_users PRIMARY KEY,
        uuid UNIQUEIDENTIFIER NOT NULL CONSTRAINT DF_login_users_uuid DEFAULT NEWID(),
        display_name NVARCHAR(50) NOT NULL,
        login_account NVARCHAR(50) NOT NULL,
        password_hash NVARCHAR(500) NOT NULL,
        system_role NVARCHAR(20) NOT NULL CONSTRAINT DF_login_users_system_role DEFAULT N'staff',
        is_active BIT NOT NULL CONSTRAINT DF_login_users_is_active DEFAULT 1,
        created_at DATETIME2 NOT NULL CONSTRAINT DF_login_users_created_at DEFAULT SYSUTCDATETIME(),
        updated_at DATETIME2 NULL,
        last_login_at DATETIME2 NULL,
        CONSTRAINT CK_login_users_system_role CHECK ([system_role] IN (N'admin', N'staff', N'viewer'))
    );

    CREATE UNIQUE INDEX UQ_login_users_uuid ON dbo.login_users(uuid);
    CREATE UNIQUE INDEX UQ_login_users_login_account ON dbo.login_users(login_account);
END;

IF COL_LENGTH('dbo.users', 'login_account') IS NULL
BEGIN
    ALTER TABLE dbo.users ADD login_account NVARCHAR(50) NULL;
END;

IF COL_LENGTH('dbo.users', 'password_hash') IS NULL
BEGIN
    ALTER TABLE dbo.users ADD password_hash NVARCHAR(500) NULL;
END;

IF COL_LENGTH('dbo.users', 'last_login_at') IS NULL
BEGIN
    ALTER TABLE dbo.users ADD last_login_at DATETIME2 NULL;
END;

IF NOT EXISTS (
    SELECT 1
    FROM sys.indexes
    WHERE name = N'UQ_users_login_account'
      AND object_id = OBJECT_ID(N'dbo.users')
)
BEGIN
    EXEC(N'CREATE UNIQUE INDEX UQ_users_login_account
    ON dbo.users(login_account)
    WHERE login_account IS NOT NULL;');
END;

INSERT INTO dbo.login_users
(
    display_name,
    login_account,
    password_hash,
    system_role,
    is_active,
    created_at,
    updated_at,
    last_login_at
)
SELECT
    u.nickname,
    u.login_account,
    u.password_hash,
    u.system_role,
    u.is_active,
    SYSUTCDATETIME(),
    NULL,
    u.last_login_at
FROM dbo.users u
WHERE u.login_account IS NOT NULL
  AND u.password_hash IS NOT NULL
  AND NOT EXISTS
  (
      SELECT 1
      FROM dbo.login_users lu
      WHERE lu.login_account = u.login_account
  );
info: Microsoft.Hosting.Lifetime[14]
      Now listening on: http://localhost:5177
info: Microsoft.Hosting.Lifetime[0]
      Application started. Press Ctrl+C to shut down.
info: Microsoft.Hosting.Lifetime[0]
      Hosting environment: Development
info: Microsoft.Hosting.Lifetime[0]
      Content root path: E:\ling\EA_Playmate_Group
info: Microsoft.EntityFrameworkCore.Database.Command[20101]
      Executed DbCommand (18ms) [Parameters=[@__loginAccount_0='?' (Size = 50)], CommandType='Text', CommandTimeout='30']
      SELECT TOP(1) [l].[id], [l].[created_at], [l].[display_name], [l].[is_active], [l].[last_login_at], [l].[login_account], [l].[password_hash], [l].[system_role], [l].[updated_at], [l].[uuid]
      FROM [dbo].[login_users] AS [l]
      WHERE [l].[login_account] = @__loginAccount_0 AND [l].[is_active] = CAST(1 AS bit)
info: Microsoft.EntityFrameworkCore.Database.Command[20101]
      Executed DbCommand (2ms) [Parameters=[@p1='?' (DbType = Int32), @p0='?' (DbType = DateTime2)], CommandType='Text', CommandTimeout='30']
      SET IMPLICIT_TRANSACTIONS OFF;
      SET NOCOUNT ON;
      UPDATE [dbo].[login_users] SET [last_login_at] = @p0
      OUTPUT 1
      WHERE [id] = @p1;
info: Microsoft.EntityFrameworkCore.Database.Command[20101]
      Executed DbCommand (5ms) [Parameters=[], CommandType='Text', CommandTimeout='30']
      SELECT CASE
          WHEN EXISTS (
              SELECT 1
              FROM [dbo].[login_users] AS [l]
              WHERE [l].[is_active] = CAST(1 AS bit)) THEN CAST(1 AS bit)
          ELSE CAST(0 AS bit)
      END
info: Microsoft.EntityFrameworkCore.Database.Command[20101]
      Executed DbCommand (1ms) [Parameters=[], CommandType='Text', CommandTimeout='30']
      SELECT [l].[id], [l].[created_at], [l].[display_name], [l].[is_active], [l].[last_login_at], [l].[login_account], [l].[password_hash], [l].[system_role], [l].[updated_at], [l].[uuid]
      FROM [dbo].[login_users] AS [l]
      ORDER BY [l].[login_account]
info: Microsoft.EntityFrameworkCore.Database.Command[20101]
      Executed DbCommand (1ms) [Parameters=[@__loginAccount_0='?' (Size = 50)], CommandType='Text', CommandTimeout='30']
      SELECT TOP(1) [l].[id], [l].[created_at], [l].[display_name], [l].[is_active], [l].[last_login_at], [l].[login_account], [l].[password_hash], [l].[system_role], [l].[updated_at], [l].[uuid]
      FROM [dbo].[login_users] AS [l]
      WHERE [l].[login_account] = @__loginAccount_0 AND [l].[is_active] = CAST(1 AS bit)
info: Microsoft.EntityFrameworkCore.Database.Command[20101]
      Executed DbCommand (1ms) [Parameters=[@p1='?' (DbType = Int32), @p0='?' (DbType = DateTime2)], CommandType='Text', CommandTimeout='30']
      SET IMPLICIT_TRANSACTIONS OFF;
      SET NOCOUNT ON;
      UPDATE [dbo].[login_users] SET [last_login_at] = @p0
      OUTPUT 1
      WHERE [id] = @p1;
info: Microsoft.EntityFrameworkCore.Database.Command[20101]
      Executed DbCommand (1ms) [Parameters=[], CommandType='Text', CommandTimeout='30']
      SELECT CASE
          WHEN EXISTS (
              SELECT 1
              FROM [dbo].[login_users] AS [l]
              WHERE [l].[is_active] = CAST(1 AS bit)) THEN CAST(1 AS bit)
          ELSE CAST(0 AS bit)
      END
info: Microsoft.EntityFrameworkCore.Database.Command[20101]
      Executed DbCommand (1ms) [Parameters=[@__loginAccount_0='?' (Size = 50)], CommandType='Text', CommandTimeout='30']
      SELECT CASE
          WHEN EXISTS (
              SELECT 1
              FROM [dbo].[login_users] AS [l]
              WHERE [l].[login_account] = @__loginAccount_0) THEN CAST(1 AS bit)
          ELSE CAST(0 AS bit)
      END
info: Microsoft.EntityFrameworkCore.Database.Command[20101]
      Executed DbCommand (7ms) [Parameters=[], CommandType='Text', CommandTimeout='30']
      SELECT CASE
          WHEN EXISTS (
              SELECT 1
              FROM [dbo].[login_users] AS [l]
              WHERE [l].[is_active] = CAST(1 AS bit)) THEN CAST(1 AS bit)
          ELSE CAST(0 AS bit)
      END
info: Microsoft.EntityFrameworkCore.Database.Command[20101]
      Executed DbCommand (3ms) [Parameters=[@__loginAccount_0='?' (Size = 50)], CommandType='Text', CommandTimeout='30']
      SELECT TOP(1) [l].[id], [l].[created_at], [l].[display_name], [l].[is_active], [l].[last_login_at], [l].[login_account], [l].[password_hash], [l].[system_role], [l].[updated_at], [l].[uuid]
      FROM [dbo].[login_users] AS [l]
      WHERE [l].[login_account] = @__loginAccount_0 AND [l].[is_active] = CAST(1 AS bit)
info: Microsoft.EntityFrameworkCore.Database.Command[20101]
      Executed DbCommand (2ms) [Parameters=[@p1='?' (DbType = Int32), @p0='?' (DbType = DateTime2)], CommandType='Text', CommandTimeout='30']
      SET IMPLICIT_TRANSACTIONS OFF;
      SET NOCOUNT ON;
      UPDATE [dbo].[login_users] SET [last_login_at] = @p0
      OUTPUT 1
      WHERE [id] = @p1;
info: Microsoft.EntityFrameworkCore.Database.Command[20101]
      Executed DbCommand (2ms) [Parameters=[], CommandType='Text', CommandTimeout='30']
      SELECT CASE
          WHEN EXISTS (
              SELECT 1
              FROM [dbo].[login_users] AS [l]
              WHERE [l].[is_active] = CAST(1 AS bit)) THEN CAST(1 AS bit)
          ELSE CAST(0 AS bit)
      END
info: Microsoft.EntityFrameworkCore.Database.Command[20101]
      Executed DbCommand (3ms) [Parameters=[@__targetDate_0='?' (DbType = Date)], CommandType='Text', CommandTimeout='30']
      SELECT COALESCE(SUM([o].[amount]), 0.0)
      FROM [dbo].[orders] AS [o]
      WHERE [o].[status] = N'completed' AND [o].[order_date] = @__targetDate_0
info: Microsoft.EntityFrameworkCore.Database.Command[20101]
      Executed DbCommand (2ms) [Parameters=[@__monthStart_0='?' (DbType = Date), @__nextMonth_1='?' (DbType = Date)], CommandType='Text', CommandTimeout='30']
      SELECT COALESCE(SUM([o].[amount]), 0.0)
      FROM [dbo].[orders] AS [o]
      WHERE [o].[status] = N'completed' AND [o].[order_date] >= @__monthStart_0 AND [o].[order_date] < @__nextMonth_1
info: Microsoft.EntityFrameworkCore.Database.Command[20101]
      Executed DbCommand (2ms) [Parameters=[@__monthStart_0='?' (DbType = Date), @__nextMonth_1='?' (DbType = Date)], CommandType='Text', CommandTimeout='30']
      SELECT COALESCE(SUM([o].[commission_amount]), 0.0)
      FROM [dbo].[orders] AS [o]
      WHERE [o].[status] = N'completed' AND [o].[order_date] >= @__monthStart_0 AND [o].[order_date] < @__nextMonth_1
info: Microsoft.EntityFrameworkCore.Database.Command[20101]
      Executed DbCommand (3ms) [Parameters=[@__monthStart_0='?' (DbType = Date), @__nextMonth_1='?' (DbType = Date)], CommandType='Text', CommandTimeout='30']
      SELECT COALESCE(SUM([o].[share_amount]), 0.0)
      FROM [dbo].[order_members] AS [o]
      INNER JOIN [dbo].[orders] AS [o0] ON [o].[order_id] = [o0].[id]
      WHERE [o0].[status] = N'completed' AND [o0].[order_date] >= @__monthStart_0 AND [o0].[order_date] < @__nextMonth_1
info: Microsoft.EntityFrameworkCore.Database.Command[20101]
      Executed DbCommand (6ms) [Parameters=[], CommandType='Text', CommandTimeout='30']
      SELECT COUNT(*)
      FROM [dbo].[orders] AS [o]
      WHERE [o].[status] = N'completed' AND [o].[customer_payment_status] = N'unpaid'
info: Microsoft.EntityFrameworkCore.Database.Command[20101]
      Executed DbCommand (3ms) [Parameters=[@__monthStart_0='?' (DbType = Date), @__nextMonth_1='?' (DbType = Date)], CommandType='Text', CommandTimeout='30']
      SELECT COUNT(*)
      FROM [dbo].[orders] AS [o]
      WHERE [o].[status] = N'completed' AND [o].[order_date] >= @__monthStart_0 AND [o].[order_date] < @__nextMonth_1
info: Microsoft.EntityFrameworkCore.Database.Command[20101]
      Executed DbCommand (1ms) [Parameters=[], CommandType='Text', CommandTimeout='30']
      SELECT CASE
          WHEN EXISTS (
              SELECT 1
              FROM [dbo].[login_users] AS [l]
              WHERE [l].[is_active] = CAST(1 AS bit)) THEN CAST(1 AS bit)
          ELSE CAST(0 AS bit)
      END
info: Microsoft.EntityFrameworkCore.Database.Command[20101]
      Executed DbCommand (4ms) [Parameters=[], CommandType='Text', CommandTimeout='30']
      SELECT [o].[user_id] AS [UserId], [u].[nickname] AS [Nickname], COALESCE(SUM([o].[share_amount]), 0.0) AS [TotalShareAmount], COUNT(DISTINCT ([o].[order_id])) AS [OrderCount]
      FROM [dbo].[order_members] AS [o]
      INNER JOIN [dbo].[orders] AS [o0] ON [o].[order_id] = [o0].[id]
      INNER JOIN [dbo].[users] AS [u] ON [o].[user_id] = [u].[id]
      WHERE [o0].[status] = N'completed'
      GROUP BY [o].[user_id], [u].[nickname]
      ORDER BY COALESCE(SUM([o].[share_amount]), 0.0) DESC, COUNT(DISTINCT ([o].[order_id])) DESC, [u].[nickname]
info: Microsoft.EntityFrameworkCore.Database.Command[20101]
      Executed DbCommand (1ms) [Parameters=[], CommandType='Text', CommandTimeout='30']
      SELECT CASE
          WHEN EXISTS (
              SELECT 1
              FROM [dbo].[login_users] AS [l]
              WHERE [l].[is_active] = CAST(1 AS bit)) THEN CAST(1 AS bit)
          ELSE CAST(0 AS bit)
      END
info: Microsoft.EntityFrameworkCore.Database.Command[20101]
      Executed DbCommand (5ms) [Parameters=[@__p_0='?' (DbType = Int32)], CommandType='Text', CommandTimeout='30']
      SELECT [o0].[id] AS [Id], [o0].[uuid] AS [Uuid], [o0].[order_no] AS [OrderNo], [o0].[order_date] AS [OrderDate], [u].[nickname] AS [OwnerNickname], [o0].[amount] AS [Amount], [o0].[commission_amount] AS [CommissionAmount], (
          SELECT COALESCE(SUM([o1].[share_amount]), 0.0)
          FROM [dbo].[order_members] AS [o1]
          WHERE [o0].[id] = [o1].[order_id]) AS [ShareTotalAmount], (
          SELECT COUNT(*)
          FROM [dbo].[order_members] AS [o2]
          WHERE [o0].[id] = [o2].[order_id]) AS [MemberCount], [o0].[status] AS [Status], [o0].[customer_payment_status] AS [CustomerPaymentStatus]
      FROM (
          SELECT TOP(@__p_0) [o].[id], [o].[amount], [o].[commission_amount], [o].[customer_payment_status], [o].[order_date], [o].[order_no], [o].[owner_user_id], [o].[status], [o].[uuid]
          FROM [dbo].[orders] AS [o]
          ORDER BY [o].[order_date] DESC, [o].[id] DESC
      ) AS [o0]
      LEFT JOIN [dbo].[users] AS [u] ON [o0].[owner_user_id] = [u].[id]
      ORDER BY [o0].[order_date] DESC, [o0].[id] DESC
info: Microsoft.EntityFrameworkCore.Database.Command[20101]
      Executed DbCommand (3ms) [Parameters=[], CommandType='Text', CommandTimeout='30']
      SELECT CASE
          WHEN EXISTS (
              SELECT 1
              FROM [dbo].[login_users] AS [l]
              WHERE [l].[is_active] = CAST(1 AS bit)) THEN CAST(1 AS bit)
          ELSE CAST(0 AS bit)
      END
info: Microsoft.EntityFrameworkCore.Database.Command[20101]
      Executed DbCommand (1ms) [Parameters=[], CommandType='Text', CommandTimeout='30']
      SELECT [l].[id], [l].[created_at], [l].[display_name], [l].[is_active], [l].[last_login_at], [l].[login_account], [l].[password_hash], [l].[system_role], [l].[updated_at], [l].[uuid]
      FROM [dbo].[login_users] AS [l]
      ORDER BY [l].[login_account]
info: Microsoft.EntityFrameworkCore.Database.Command[20101]
      Executed DbCommand (1ms) [Parameters=[], CommandType='Text', CommandTimeout='30']
      SELECT CASE
          WHEN EXISTS (
              SELECT 1
              FROM [dbo].[login_users] AS [l]
              WHERE [l].[is_active] = CAST(1 AS bit)) THEN CAST(1 AS bit)
          ELSE CAST(0 AS bit)
      END
info: Microsoft.EntityFrameworkCore.Database.Command[20101]
      Executed DbCommand (2ms) [Parameters=[@__loginAccount_0='?' (Size = 50)], CommandType='Text', CommandTimeout='30']
      SELECT CASE
          WHEN EXISTS (
              SELECT 1
              FROM [dbo].[login_users] AS [l]
              WHERE [l].[login_account] = @__loginAccount_0) THEN CAST(1 AS bit)
          ELSE CAST(0 AS bit)
      END
info: Microsoft.EntityFrameworkCore.Database.Command[20101]
      Executed DbCommand (7ms) [Parameters=[@p0='?' (Size = 50), @p1='?' (DbType = DateTime2), @p2='?' (Size = 50), @p3='?' (Size = 500), @p4='?' (Size = 20), @p5='?' (DbType = DateTime2)], CommandType='Text', CommandTimeout='30']
      SET IMPLICIT_TRANSACTIONS OFF;
      SET NOCOUNT ON;
      INSERT INTO [dbo].[login_users] ([display_name], [last_login_at], [login_account], [password_hash], [system_role], [updated_at])
      OUTPUT INSERTED.[id], INSERTED.[created_at], INSERTED.[is_active], INSERTED.[uuid]
      VALUES (@p0, @p1, @p2, @p3, @p4, @p5);
info: Microsoft.EntityFrameworkCore.Database.Command[20101]
      Executed DbCommand (1ms) [Parameters=[], CommandType='Text', CommandTimeout='30']
      SELECT CASE
          WHEN EXISTS (
              SELECT 1
              FROM [dbo].[login_users] AS [l]
              WHERE [l].[is_active] = CAST(1 AS bit)) THEN CAST(1 AS bit)
          ELSE CAST(0 AS bit)
      END
info: Microsoft.EntityFrameworkCore.Database.Command[20101]
      Executed DbCommand (1ms) [Parameters=[], CommandType='Text', CommandTimeout='30']
      SELECT [l].[id], [l].[created_at], [l].[display_name], [l].[is_active], [l].[last_login_at], [l].[login_account], [l].[password_hash], [l].[system_role], [l].[updated_at], [l].[uuid]
      FROM [dbo].[login_users] AS [l]
      ORDER BY [l].[login_account]
